2023-11-27 08:54:29,719 - INFO - Nhan tin hieu PASS check tu SFC: b'1'
2023-11-27 08:54:29,719 - INFO - Gui tin hieu PASS SFC check cho PLC
2023-11-27 08:54:51,880 - ERROR - Failed to scan
data_cam1: None - data_cam2: b'11111111111111'
2023-11-27 08:54:57,382 - ERROR - Failed to scan
data_cam1: None - data_cam2: b'11111111111111'
2023-11-27 08:54:59,725 - ERROR - Failed to scan
data_cam1: None - data_cam2: b'11111111111111'
2023-11-27 08:55:01,549 - ERROR - Failed to scan
data_cam1: None - data_cam2: b'11111111111111'
2023-11-27 08:55:03,224 - ERROR - Failed to scan
data_cam1: None - data_cam2: b'11111111111111'
2023-11-27 08:55:05,356 - ERROR - Failed to scan
data_cam1: None - data_cam2: b'11111111111111'
2023-11-27 08:55:15,274 - ERROR - Failed to scan
data_cam1: None - data_cam2: b'11111111111111'
2023-11-27 08:55:16,310 - ERROR - Failed to scan
data_cam1: None - data_cam2: b'11111111111111'
2023-11-27 08:55:17,886 - ERROR - Failed to scan
data_cam1: None - data_cam2: b'11111111111111'
2023-11-27 08:55:19,519 - ERROR - Failed to scan
data_cam1: None - data_cam2: b'11111111111111'
2023-11-27 08:55:37,702 - INFO - Nhan tin hieu PASS check tu SFC: b'1'
2023-11-27 08:55:37,702 - INFO - Gui tin hieu PASS SFC check cho PLC
2023-11-27 08:55:41,081 - ERROR - Failed to scan
data_cam1: None - data_cam2: b'11111111111111'
2023-11-27 08:55:42,375 - WARNING - SFC gui sai tin hieu: b'2'
2023-11-27 08:55:43,375 - INFO - Nhan tin hieu PASS check tu SFC: b'1'
2023-11-27 08:55:43,375 - INFO - Gui tin hieu PASS SFC check cho PLC
2023-11-27 08:55:44,137 - WARNING - SFC gui sai tin hieu: b'2'
2023-11-27 08:55:44,455 - INFO - Nhan tin hieu PASS check tu SFC: b'1'
2023-11-27 08:55:44,455 - INFO - Gui tin hieu PASS SFC check cho PLC
2023-11-27 09:20:00,138 - ERROR - Failed to scan
data_cam1: None - data_cam2: b'11111111111111'
2023-11-27 09:20:42,105 - ERROR - Failed to scan
data_cam1: None - data_cam2: b'11111111111111'
2023-11-27 09:20:45,703 - ERROR - Failed to scan
data_cam1: None - data_cam2: b'11111111111111'
2023-11-27 09:20:47,459 - ERROR - Failed to scan
data_cam1: None - data_cam2: b'11111111111111'
2023-11-27 09:20:49,695 - ERROR - Failed to scan
data_cam1: None - data_cam2: b'11111111111111'
2023-11-27 09:20:51,212 - ERROR - Failed to scan
data_cam1: None - data_cam2: b'11111111111111'
2023-11-27 09:20:53,211 - ERROR - Failed to scan
data_cam1: None - data_cam2: b'11111111111111'
2023-11-27 09:20:54,845 - ERROR - Failed to scan
data_cam1: None - data_cam2: b'11111111111111'
2023-11-27 09:20:57,390 - ERROR - Failed to scan
data_cam1: None - data_cam2: b'11111111111111'
2023-11-27 09:23:24,330 - ERROR - Failed to scan
data_cam1: None - data_cam2: b'11111111111111'
2023-11-27 09:34:19,271 - ERROR - Failed to scan
data_cam1: None - data_cam2: b'11111111111111'
2023-11-27 09:34:24,960 - ERROR - Failed to scan
data_cam1: None - data_cam2: b'11111111111111'
2023-11-27 09:34:35,876 - ERROR - Failed to scan
data_cam1: None - data_cam2: b'11111111111111'
2023-11-27 09:45:48,221 - INFO - Nhan tin hieu scan tu PLC: b'1'
2023-11-27 09:45:48,744 - ERROR - Failed to scan Barcode(S4-190) 
data_cam1: None - data_cam2: b'11111111111111'
2023-11-27 09:45:48,774 - ERROR - Failed to scan
data_cam1: None - data_cam2: b'11111111111111'
2023-11-27 09:46:30,791 - INFO - Nhan tin hieu scan tu PLC: b'1'
2023-11-27 09:46:31,554 - ERROR - Failed to scan QRCode (S4-200): b'0'
2023-11-27 09:47:00,115 - INFO - Nhan tin hieu scan tu PLC: b'1'
2023-11-27 09:47:00,656 - ERROR - Failed to scan Barcode(S4-190) 
data_cam1: None - data_cam2: b'11111111111111'
2023-11-27 09:47:00,666 - ERROR - Failed to scan
data_cam1: None - data_cam2: b'11111111111111'
2023-11-27 09:47:03,172 - INFO - Nhan tin hieu scan tu PLC: b'1'
2023-11-27 09:47:03,561 - ERROR - Failed to scan Barcode(S4-190) 
data_cam1: None - data_cam2: b'11111111111111'
2023-11-27 09:47:03,570 - ERROR - Failed to scan
data_cam1: None - data_cam2: b'11111111111111'
2023-11-27 09:47:40,432 - INFO - Nhan tin hieu scan tu PLC: b'1'
2023-11-27 09:47:40,835 - ERROR - Failed to scan Barcode(S4-190) 
data_cam1: None - data_cam2: b'11111111111111'
2023-11-27 09:47:40,868 - ERROR - Failed to scan
data_cam1: None - data_cam2: b'11111111111111'
2023-11-27 09:47:45,168 - ERROR - Failed to scan QRCode (S4-200): b'0'
2023-11-27 09:50:30,666 - ERROR - Failed to scan QRCode (S4-200): b'0'
2023-11-27 09:50:34,708 - ERROR - Failed to scan QRCode (S4-200): b'0'
2023-11-27 09:50:35,486 - ERROR - Failed to scan QRCode (S4-200): b'0'
2023-11-27 09:50:35,895 - ERROR - Failed to scan QRCode (S4-200): b'0'
2023-11-27 09:57:33,043 - ERROR - Failed to scan QRCode (S4-200): b'0'
2023-11-27 09:57:37,052 - INFO - Nhan tin hieu scan tu PLC: b'1'
2023-11-27 09:57:37,544 - ERROR - Failed to scan Barcode(S4-190) 
data_cam1: None - data_cam2: b'11111111111111'
2023-11-27 09:57:39,454 - INFO - Nhan tin hieu scan tu PLC: b'1'
2023-11-27 09:57:39,841 - ERROR - Failed to scan Barcode(S4-190) 
data_cam1: None - data_cam2: b'11111111111111'
2023-11-27 09:57:40,754 - INFO - Nhan tin hieu scan tu PLC: b'1'
2023-11-27 09:57:41,311 - ERROR - Failed to scan Barcode(S4-190) 
data_cam1: None - data_cam2: b'11111111111111'
2023-11-27 09:57:42,786 - INFO - Nhan tin hieu scan tu PLC: b'1'
2023-11-27 09:57:43,173 - ERROR - Failed to scan Barcode(S4-190) 
data_cam1: None - data_cam2: b'11111111111111'
2023-11-27 09:57:44,167 - INFO - Nhan tin hieu scan tu PLC: b'1'
2023-11-27 09:57:45,011 - ERROR - Failed to scan Barcode(S4-190) 
data_cam1: None - data_cam2: b'11111111111111'
2023-11-27 10:05:58,948 - ERROR - Failed to scan QRCode (S4-200): b'0'
2023-11-27 10:06:00,138 - INFO - Nhan tin hieu scan tu PLC: b'1'
2023-11-27 10:06:03,841 - INFO - Nhan tin hieu scan tu PLC: b'1'
2023-11-27 10:06:04,366 - ERROR - Failed to scan Barcode(S4-190) 
data_cam1: None - data_cam2: b'11111111111111'
2023-11-27 10:06:28,819 - INFO - Nhan tin hieu scan tu PLC: b'1'
2023-11-27 10:06:29,231 - INFO - Scanned OK
data_cam1: b'test' - data_cam2: b'11111111111111'
2023-11-27 11:26:53,486 - ERROR - Failed to scan QRCode (S4-200): b'0'
2023-11-27 11:26:55,568 - ERROR - Failed to scan QRCode (S4-200): b'0'
2023-11-27 11:27:42,785 - INFO - Nhan tin hieu scan tu PLC: b'1'
2023-11-27 11:27:46,466 - INFO - Scanned OK
data_cam1: b'test' - data_cam2: b'11111111111111'
2023-11-27 11:28:29,137 - ERROR - Failed to scan QRCode (S4-200): b'0'
2023-11-27 11:28:37,704 - INFO - Nhan tin hieu scan tu PLC: b'1'
2023-11-27 11:28:39,431 - INFO - Scanned OK
data_cam1: b'test' - data_cam2: b'11111111111111'
2023-11-27 11:28:41,870 - INFO - Nhan tin hieu scan tu PLC: b'1'
2023-11-27 11:28:42,727 - INFO - Scanned OK
data_cam1: b'test' - data_cam2: b'11111111111111'
2023-11-27 11:28:46,598 - INFO - Nhan tin hieu scan tu PLC: b'1'
2023-11-27 11:28:46,641 - INFO - Scanned OK
data_cam1: b'test' - data_cam2: b'11111111111111'
2023-11-27 11:28:49,642 - INFO - Nhan tin hieu scan tu PLC: b'1'
2023-11-27 11:28:49,681 - INFO - Scanned OK
data_cam1: b'test' - data_cam2: b'11111111111111'
2023-11-27 11:28:52,241 - ERROR - Failed to scan QRCode (S4-200): b'0'
2023-11-27 11:28:54,419 - INFO - Nhan tin hieu scan tu PLC: b'1'
2023-11-27 11:28:55,086 - INFO - Scanned OK
data_cam1: b'test' - data_cam2: b'11111111111111'
2023-11-27 11:28:56,756 - INFO - Nhan tin hieu scan tu PLC: b'1'
2023-11-27 11:28:56,795 - INFO - Scanned OK
data_cam1: b'test' - data_cam2: b'11111111111111'
2023-11-27 11:29:00,222 - WARNING - SFC gui sai tin hieu: b'0'
2023-11-27 11:29:00,223 - WARNING - SFC gui sai tin hieu: b'0'
2023-11-27 11:29:01,662 - WARNING - SFC gui sai tin hieu: b'0'
2023-11-27 11:29:01,662 - WARNING - SFC gui sai tin hieu: b'0'
2023-11-27 11:29:02,678 - WARNING - SFC gui sai tin hieu: b'0'
2023-11-27 11:29:02,678 - WARNING - SFC gui sai tin hieu: b'1'
2023-11-27 11:29:03,408 - WARNING - SFC gui sai tin hieu: b'0'
2023-11-27 11:29:03,408 - WARNING - SFC gui sai tin hieu: b'0'
2023-11-27 11:29:03,835 - WARNING - SFC gui sai tin hieu: b'0'
2023-11-27 11:29:03,835 - WARNING - SFC gui sai tin hieu: b'1'
2023-11-27 11:29:04,105 - WARNING - SFC gui sai tin hieu: b'0'
2023-11-27 11:29:04,105 - WARNING - SFC gui sai tin hieu: b'0'
2023-11-27 11:29:51,220 - WARNING - SFC gui sai tin hieu: b'0'
2023-11-27 11:29:51,220 - WARNING - SFC gui sai tin hieu: b'0'
2023-11-27 11:29:55,831 - WARNING - SFC gui sai tin hieu: b'0'
2023-11-27 11:29:55,831 - WARNING - SFC gui sai tin hieu: b'1'
2023-11-27 11:31:41,179 - WARNING - SFC gui sai tin hieu: b'0'
2023-11-27 11:31:41,179 - WARNING - SFC gui sai tin hieu: b'0'
2023-11-27 11:31:57,404 - WARNING - SFC gui sai tin hieu: b'0'
2023-11-27 11:31:57,404 - WARNING - SFC gui sai tin hieu: b'0'
2023-11-27 11:32:02,571 - WARNING - SFC gui sai tin hieu: b'\x00'
2023-11-27 11:32:11,127 - WARNING - SFC gui sai tin hieu: b'\x00'
2023-11-27 11:32:13,333 - WARNING - SFC gui sai tin hieu: b'\x01'
2023-11-27 11:33:22,791 - INFO - Nhan tin hieu PASS check tu SFC: b'0'
2023-11-27 11:33:22,791 - INFO - Gui tin hieu PASS SFC check cho PLC
2023-11-27 11:33:22,792 - INFO - Nhan tin hieu PASS check tu SFC: b'0'
2023-11-27 11:33:22,792 - INFO - Gui tin hieu PASS SFC check cho PLC
2023-11-27 11:33:35,011 - INFO - Nhan tin hieu PASS check tu SFC: b'0'
2023-11-27 11:33:35,011 - INFO - Gui tin hieu PASS SFC check cho PLC
2023-11-27 11:33:35,011 - INFO - Nhan tin hieu PASS check tu SFC: b'1'
2023-11-27 11:33:35,012 - INFO - Gui tin hieu PASS SFC check cho PLC
2023-11-27 11:33:35,946 - INFO - Nhan tin hieu PASS check tu SFC: b'0'
2023-11-27 11:33:35,946 - INFO - Gui tin hieu PASS SFC check cho PLC
2023-11-27 11:33:35,946 - INFO - Nhan tin hieu PASS check tu SFC: b'0'
2023-11-27 11:33:35,946 - INFO - Gui tin hieu PASS SFC check cho PLC
2023-11-27 11:33:43,106 - ERROR - Nhan tin hieu FAIL tu SFC: b'\x00'
2023-11-27 11:33:43,106 - INFO - Gui tin hieu FAIL SFC check cho PLC
2023-11-27 11:33:44,170 - INFO - Nhan tin hieu PASS check tu SFC: b'\x01'
2023-11-27 11:33:44,170 - INFO - Gui tin hieu PASS SFC check cho PLC
2023-11-27 11:33:44,930 - ERROR - Nhan tin hieu FAIL tu SFC: b'\x00'
2023-11-27 11:33:44,931 - INFO - Gui tin hieu FAIL SFC check cho PLC
2023-11-27 11:33:45,549 - INFO - Nhan tin hieu PASS check tu SFC: b'\x01'
2023-11-27 11:33:45,549 - INFO - Gui tin hieu PASS SFC check cho PLC
2023-11-27 11:33:46,134 - ERROR - Nhan tin hieu FAIL tu SFC: b'\x00'
2023-11-27 11:33:46,134 - INFO - Gui tin hieu FAIL SFC check cho PLC
2023-11-27 11:33:46,658 - INFO - Nhan tin hieu PASS check tu SFC: b'\x01'
2023-11-27 11:33:46,658 - INFO - Gui tin hieu PASS SFC check cho PLC
2023-11-27 11:33:49,227 - ERROR - Nhan tin hieu FAIL tu SFC: b'\x00'
2023-11-27 11:33:49,227 - INFO - Gui tin hieu FAIL SFC check cho PLC
2023-11-27 11:33:50,081 - INFO - Nhan tin hieu PASS check tu SFC: b'\x01'
2023-11-27 11:33:50,081 - INFO - Gui tin hieu PASS SFC check cho PLC
2023-11-27 11:33:51,507 - ERROR - Nhan tin hieu FAIL tu SFC: b'\x00'
2023-11-27 11:33:51,507 - INFO - Gui tin hieu FAIL SFC check cho PLC
2023-11-27 11:33:52,521 - INFO - Nhan tin hieu PASS check tu SFC: b'\x01'
2023-11-27 11:33:52,521 - INFO - Gui tin hieu PASS SFC check cho PLC
2023-11-27 11:33:53,757 - ERROR - Nhan tin hieu FAIL tu SFC: b'\x00'
2023-11-27 11:33:53,757 - INFO - Gui tin hieu FAIL SFC check cho PLC
2023-11-27 11:33:55,454 - INFO - Nhan tin hieu PASS check tu SFC: b'\x01'
2023-11-27 11:33:55,455 - INFO - Gui tin hieu PASS SFC check cho PLC
2023-11-27 11:34:09,686 - INFO - Nhan tin hieu PASS check tu SFC: b'\x01'
2023-11-27 11:34:09,686 - INFO - Gui tin hieu PASS SFC check cho PLC
2023-11-27 11:34:10,323 - ERROR - Nhan tin hieu FAIL tu SFC: b'\x00'
2023-11-27 11:34:10,323 - INFO - Gui tin hieu FAIL SFC check cho PLC
2023-11-27 11:34:11,145 - INFO - Nhan tin hieu PASS check tu SFC: b'\x01'
2023-11-27 11:34:11,146 - INFO - Gui tin hieu PASS SFC check cho PLC
2023-11-27 11:34:11,939 - ERROR - Nhan tin hieu FAIL tu SFC: b'\x00'
2023-11-27 11:34:11,939 - INFO - Gui tin hieu FAIL SFC check cho PLC
2023-11-27 11:34:12,495 - INFO - Nhan tin hieu PASS check tu SFC: b'\x01'
2023-11-27 11:34:12,495 - INFO - Gui tin hieu PASS SFC check cho PLC
2023-11-27 11:34:12,987 - ERROR - Nhan tin hieu FAIL tu SFC: b'\x00'
2023-11-27 11:34:12,987 - INFO - Gui tin hieu FAIL SFC check cho PLC
2023-11-27 11:34:13,398 - INFO - Nhan tin hieu PASS check tu SFC: b'\x01'
2023-11-27 11:34:13,398 - INFO - Gui tin hieu PASS SFC check cho PLC
2023-11-27 11:34:13,920 - ERROR - Nhan tin hieu FAIL tu SFC: b'\x00'
2023-11-27 11:34:13,920 - INFO - Gui tin hieu FAIL SFC check cho PLC
2023-11-27 11:34:14,380 - INFO - Nhan tin hieu PASS check tu SFC: b'\x01'
2023-11-27 11:34:14,380 - INFO - Gui tin hieu PASS SFC check cho PLC
2023-11-27 11:34:14,986 - ERROR - Nhan tin hieu FAIL tu SFC: b'\x00'
2023-11-27 11:34:14,986 - INFO - Gui tin hieu FAIL SFC check cho PLC
2023-11-27 11:34:15,461 - INFO - Nhan tin hieu PASS check tu SFC: b'\x01'
2023-11-27 11:34:15,461 - INFO - Gui tin hieu PASS SFC check cho PLC
2023-11-27 11:34:57,377 - ERROR - Nhan tin hieu FAIL tu SFC: b'\x00'
2023-11-27 11:34:57,377 - INFO - Gui tin hieu FAIL SFC check cho PLC
2023-11-27 11:34:58,298 - INFO - Nhan tin hieu PASS check tu SFC: b'\x01'
2023-11-27 11:34:58,298 - INFO - Gui tin hieu PASS SFC check cho PLC
2023-11-27 11:35:00,134 - INFO - Nhan tin hieu PASS check tu SFC: b'\x01'
2023-11-27 11:35:00,134 - INFO - Gui tin hieu PASS SFC check cho PLC
2023-11-27 11:35:00,708 - ERROR - Nhan tin hieu FAIL tu SFC: b'\x00'
2023-11-27 11:35:00,708 - INFO - Gui tin hieu FAIL SFC check cho PLC
2023-11-27 11:35:01,376 - INFO - Nhan tin hieu PASS check tu SFC: b'\x01'
2023-11-27 11:35:01,377 - INFO - Gui tin hieu PASS SFC check cho PLC
2023-11-27 11:35:01,738 - ERROR - Nhan tin hieu FAIL tu SFC: b'\x00'
2023-11-27 11:35:01,739 - INFO - Gui tin hieu FAIL SFC check cho PLC
2023-11-27 11:35:02,133 - INFO - Nhan tin hieu PASS check tu SFC: b'\x01'
2023-11-27 11:35:02,133 - INFO - Gui tin hieu PASS SFC check cho PLC
2023-11-27 11:35:02,499 - ERROR - Nhan tin hieu FAIL tu SFC: b'\x00'
2023-11-27 11:35:02,499 - INFO - Gui tin hieu FAIL SFC check cho PLC
2023-11-27 11:35:02,879 - INFO - Nhan tin hieu PASS check tu SFC: b'\x01'
2023-11-27 11:35:02,879 - INFO - Gui tin hieu PASS SFC check cho PLC
2023-11-27 11:35:03,261 - ERROR - Nhan tin hieu FAIL tu SFC: b'\x00'
2023-11-27 11:35:03,262 - INFO - Gui tin hieu FAIL SFC check cho PLC
2023-11-27 11:35:03,975 - INFO - Nhan tin hieu PASS check tu SFC: b'\x01'
2023-11-27 11:35:03,975 - INFO - Gui tin hieu PASS SFC check cho PLC
2023-11-27 11:35:04,340 - ERROR - Nhan tin hieu FAIL tu SFC: b'\x00'
2023-11-27 11:35:04,340 - INFO - Gui tin hieu FAIL SFC check cho PLC
2023-11-27 11:35:04,655 - INFO - Nhan tin hieu PASS check tu SFC: b'\x01'
2023-11-27 11:35:04,656 - INFO - Gui tin hieu PASS SFC check cho PLC
2023-11-27 11:35:04,973 - ERROR - Nhan tin hieu FAIL tu SFC: b'\x00'
2023-11-27 11:35:04,973 - INFO - Gui tin hieu FAIL SFC check cho PLC
2023-11-27 11:35:05,433 - INFO - Nhan tin hieu PASS check tu SFC: b'\x01'
2023-11-27 11:35:05,433 - INFO - Gui tin hieu PASS SFC check cho PLC
2023-11-27 11:35:06,051 - ERROR - Nhan tin hieu FAIL tu SFC: b'\x00'
2023-11-27 11:35:06,051 - INFO - Gui tin hieu FAIL SFC check cho PLC
2023-11-27 11:35:06,671 - INFO - Nhan tin hieu PASS check tu SFC: b'\x01'
2023-11-27 11:35:06,672 - INFO - Gui tin hieu PASS SFC check cho PLC
2023-11-27 11:35:38,323 - INFO - Nhan tin hieu PASS check tu SFC: b'0'
2023-11-27 11:35:38,323 - INFO - Gui tin hieu PASS SFC check cho PLC
2023-11-27 11:35:38,324 - INFO - Nhan tin hieu PASS check tu SFC: b'1'
2023-11-27 11:35:38,324 - INFO - Gui tin hieu PASS SFC check cho PLC
2023-11-27 11:35:42,094 - INFO - Nhan tin hieu PASS check tu SFC: b'0'
2023-11-27 11:35:42,094 - INFO - Gui tin hieu PASS SFC check cho PLC
2023-11-27 11:35:42,094 - INFO - Nhan tin hieu PASS check tu SFC: b'1'
2023-11-27 11:35:42,094 - INFO - Gui tin hieu PASS SFC check cho PLC
2023-11-27 11:35:43,903 - INFO - Nhan tin hieu PASS check tu SFC: b'0'
2023-11-27 11:35:43,903 - INFO - Gui tin hieu PASS SFC check cho PLC
2023-11-27 11:35:43,903 - INFO - Nhan tin hieu PASS check tu SFC: b'1'
2023-11-27 11:35:43,903 - INFO - Gui tin hieu PASS SFC check cho PLC
2023-11-27 11:44:10,559 - ERROR - Camera 0 error: NULL COM pointer access
2023-11-27 11:44:10,740 - ERROR - Camera 0 error: NULL COM pointer access
2023-11-27 11:44:10,922 - ERROR - Camera 0 error: NULL COM pointer access
2023-11-27 11:44:11,105 - ERROR - Camera 0 error: NULL COM pointer access
2023-11-27 11:44:11,322 - ERROR - Camera 0 error: NULL COM pointer access
2023-11-27 11:44:11,530 - ERROR - Camera 0 error: NULL COM pointer access
2023-11-27 11:44:11,705 - ERROR - Camera 0 error: NULL COM pointer access
2023-11-27 11:44:11,890 - ERROR - Camera 0 error: NULL COM pointer access
2023-11-27 11:44:12,090 - ERROR - Camera 0 error: NULL COM pointer access
2023-11-27 11:44:12,272 - ERROR - Camera 0 error: NULL COM pointer access
2023-11-27 11:44:12,456 - ERROR - Camera 0 error: NULL COM pointer access
2023-11-27 11:44:12,640 - ERROR - Camera 0 error: NULL COM pointer access
2023-11-27 11:44:12,839 - ERROR - Camera 0 error: NULL COM pointer access
2023-11-27 11:44:13,039 - ERROR - Camera 0 error: NULL COM pointer access
2023-11-27 11:44:13,221 - ERROR - Camera 0 error: NULL COM pointer access
2023-11-27 11:44:13,403 - ERROR - Camera 0 error: NULL COM pointer access
2023-11-27 11:44:13,589 - ERROR - Camera 0 error: NULL COM pointer access
2023-11-27 11:44:13,771 - ERROR - Camera 0 error: NULL COM pointer access
2023-11-27 11:44:13,955 - ERROR - Camera 0 error: NULL COM pointer access
2023-11-27 11:44:14,155 - ERROR - Camera 0 error: NULL COM pointer access
2023-11-27 11:44:14,355 - ERROR - Camera 0 error: NULL COM pointer access
2023-11-27 11:44:14,571 - ERROR - Camera 0 error: NULL COM pointer access
2023-11-27 11:44:14,755 - ERROR - Camera 0 error: NULL COM pointer access
2023-11-27 11:44:14,969 - ERROR - Camera 0 error: NULL COM pointer access
2023-11-27 11:44:15,139 - ERROR - Camera 0 error: NULL COM pointer access
2023-11-27 11:44:15,338 - ERROR - Camera 0 error: NULL COM pointer access
2023-11-27 11:44:15,519 - ERROR - Camera 0 error: NULL COM pointer access
2023-11-27 11:44:27,401 - ERROR - Failed to scan QRCode (S4-200): b'0'
2023-11-27 11:44:29,384 - INFO - Nhan tin hieu scan tu PLC: b'1'
2023-11-27 11:44:30,283 - INFO - Scanned OK
data_cam1: b'test' - data_cam2: b'11111111111111'
2023-11-27 11:44:33,100 - INFO - Nhan tin hieu scan tu PLC: b'1'
2023-11-27 11:44:33,816 - INFO - Scanned OK
data_cam1: b'test' - data_cam2: b'11111111111111'
2023-11-27 13:12:08,766 - ERROR - Camera 0 error: NULL COM pointer access
2023-11-27 13:12:08,940 - ERROR - Camera 0 error: NULL COM pointer access
2023-11-27 13:12:09,133 - ERROR - Camera 0 error: NULL COM pointer access
2023-11-27 13:12:09,307 - ERROR - Camera 0 error: NULL COM pointer access
2023-11-27 13:12:09,521 - ERROR - Camera 0 error: NULL COM pointer access
2023-11-27 13:12:09,691 - ERROR - Camera 0 error: NULL COM pointer access
2023-11-27 13:12:09,864 - ERROR - Camera 0 error: NULL COM pointer access
2023-11-27 13:12:10,057 - ERROR - Camera 0 error: NULL COM pointer access
2023-11-27 13:12:10,240 - ERROR - Camera 0 error: NULL COM pointer access
2023-11-27 13:12:10,424 - ERROR - Camera 0 error: NULL COM pointer access
2023-11-27 13:12:10,610 - ERROR - Camera 0 error: NULL COM pointer access
2023-11-27 13:12:10,790 - ERROR - Camera 0 error: NULL COM pointer access
2023-11-27 13:12:10,988 - ERROR - Camera 0 error: NULL COM pointer access
2023-11-27 13:12:11,191 - ERROR - Camera 0 error: NULL COM pointer access
2023-11-27 13:12:11,373 - ERROR - Camera 0 error: NULL COM pointer access
2023-11-27 13:12:11,556 - ERROR - Camera 0 error: NULL COM pointer access
2023-11-27 13:12:11,759 - ERROR - Camera 0 error: NULL COM pointer access
2023-11-27 13:12:11,974 - ERROR - Camera 0 error: NULL COM pointer access
2023-11-27 13:12:12,203 - ERROR - Camera 0 error: NULL COM pointer access
2023-11-27 13:12:12,390 - ERROR - Camera 0 error: NULL COM pointer access
2023-11-27 13:12:12,589 - ERROR - Camera 0 error: NULL COM pointer access
2023-11-27 13:12:12,773 - ERROR - Camera 0 error: NULL COM pointer access
2023-11-27 13:12:12,957 - ERROR - Camera 0 error: NULL COM pointer access
2023-11-27 13:12:13,174 - ERROR - Camera 0 error: NULL COM pointer access
2023-11-27 13:12:13,371 - ERROR - Camera 0 error: NULL COM pointer access
2023-11-27 13:12:13,571 - ERROR - Camera 0 error: NULL COM pointer access
2023-11-27 13:12:13,774 - ERROR - Camera 0 error: NULL COM pointer access
2023-11-27 13:12:13,955 - ERROR - Camera 0 error: NULL COM pointer access
2023-11-27 13:12:14,142 - ERROR - Camera 0 error: NULL COM pointer access
2023-11-27 13:12:14,339 - ERROR - Camera 0 error: NULL COM pointer access
2023-11-27 13:12:14,555 - ERROR - Camera 0 error: NULL COM pointer access
2023-11-27 13:12:14,736 - ERROR - Camera 0 error: NULL COM pointer access
2023-11-27 13:12:14,920 - ERROR - Camera 0 error: NULL COM pointer access
2023-11-27 13:12:15,135 - ERROR - Camera 0 error: NULL COM pointer access
2023-11-27 13:12:15,338 - ERROR - Camera 0 error: NULL COM pointer access
2023-11-27 13:12:15,521 - ERROR - Camera 0 error: NULL COM pointer access
2023-11-27 13:12:15,705 - ERROR - Camera 0 error: NULL COM pointer access
2023-11-27 13:12:15,888 - ERROR - Camera 0 error: NULL COM pointer access
2023-11-27 13:12:16,071 - ERROR - Camera 0 error: NULL COM pointer access
2023-11-27 13:12:16,287 - ERROR - Camera 0 error: NULL COM pointer access
2023-11-27 13:12:16,471 - ERROR - Camera 0 error: NULL COM pointer access
2023-11-27 13:12:16,703 - ERROR - Camera 0 error: NULL COM pointer access
2023-11-27 13:12:16,903 - ERROR - Camera 0 error: NULL COM pointer access
2023-11-27 13:12:17,114 - ERROR - Camera 0 error: NULL COM pointer access
2023-11-27 13:12:17,302 - ERROR - Camera 0 error: NULL COM pointer access
2023-11-27 13:12:17,484 - ERROR - Camera 0 error: NULL COM pointer access
2023-11-27 13:12:17,669 - ERROR - Camera 0 error: NULL COM pointer access
2023-11-27 13:12:17,852 - ERROR - Camera 0 error: NULL COM pointer access
2023-11-27 13:12:18,036 - ERROR - Camera 0 error: NULL COM pointer access
2023-11-27 13:12:18,218 - ERROR - Camera 0 error: NULL COM pointer access
2023-11-27 13:12:18,404 - ERROR - Camera 0 error: NULL COM pointer access
2023-11-27 13:12:18,588 - ERROR - Camera 0 error: NULL COM pointer access
2023-11-27 13:12:18,775 - ERROR - Camera 0 error: NULL COM pointer access
2023-11-27 13:12:18,953 - ERROR - Camera 0 error: NULL COM pointer access
2023-11-27 13:12:19,173 - ERROR - Camera 0 error: NULL COM pointer access
2023-11-27 13:12:20,418 - ERROR - Camera 0 error: [WinError -2147221008] CoInitialize has not been called
2023-11-27 13:12:20,535 - ERROR - Camera 0 error: [WinError -2147221008] CoInitialize has not been called
2023-11-27 13:12:20,654 - ERROR - Camera 0 error: [WinError -2147221008] CoInitialize has not been called
2023-11-27 13:12:20,769 - ERROR - Camera 0 error: [WinError -2147221008] CoInitialize has not been called
2023-11-27 13:12:20,886 - ERROR - Camera 0 error: [WinError -2147221008] CoInitialize has not been called
2023-11-27 13:12:21,020 - ERROR - Camera 0 error: [WinError -2147221008] CoInitialize has not been called
2023-11-27 13:12:21,151 - ERROR - Camera 0 error: [WinError -2147221008] CoInitialize has not been called
2023-11-27 13:12:21,282 - ERROR - Camera 0 error: [WinError -2147221008] CoInitialize has not been called
2023-11-27 13:12:21,386 - ERROR - Camera 0 error: [WinError -2147221008] CoInitialize has not been called
2023-11-27 13:12:21,502 - ERROR - Camera 0 error: [WinError -2147221008] CoInitialize has not been called
2023-11-27 13:12:21,619 - ERROR - Camera 0 error: [WinError -2147221008] CoInitialize has not been called
2023-11-27 13:12:21,737 - ERROR - Camera 0 error: [WinError -2147221008] CoInitialize has not been called
2023-11-27 13:12:21,867 - ERROR - Camera 0 error: [WinError -2147221008] CoInitialize has not been called
2023-11-27 13:12:21,984 - ERROR - Camera 0 error: [WinError -2147221008] CoInitialize has not been called
2023-11-27 13:12:22,102 - ERROR - Camera 0 error: [WinError -2147221008] CoInitialize has not been called
2023-11-27 13:12:22,220 - ERROR - Camera 0 error: [WinError -2147221008] CoInitialize has not been called
2023-11-27 13:12:22,337 - ERROR - Camera 0 error: [WinError -2147221008] CoInitialize has not been called
2023-11-27 13:12:22,451 - ERROR - Camera 0 error: [WinError -2147221008] CoInitialize has not been called
2023-11-27 13:12:22,563 - ERROR - Camera 0 error: [WinError -2147221008] CoInitialize has not been called
2023-11-27 13:12:22,686 - ERROR - Camera 0 error: [WinError -2147221008] CoInitialize has not been called
2023-11-27 13:12:22,800 - ERROR - Camera 0 error: [WinError -2147221008] CoInitialize has not been called
2023-11-27 13:12:22,910 - ERROR - Camera 0 error: [WinError -2147221008] CoInitialize has not been called
2023-11-27 13:12:23,035 - ERROR - Camera 0 error: [WinError -2147221008] CoInitialize has not been called
2023-11-27 13:12:23,154 - ERROR - Camera 0 error: [WinError -2147221008] CoInitialize has not been called
2023-11-27 13:12:23,270 - ERROR - Camera 0 error: [WinError -2147221008] CoInitialize has not been called
2023-11-27 13:12:23,399 - ERROR - Camera 0 error: [WinError -2147221008] CoInitialize has not been called
2023-11-27 13:12:23,518 - ERROR - Camera 0 error: [WinError -2147221008] CoInitialize has not been called
2023-11-27 13:12:23,635 - ERROR - Camera 0 error: [WinError -2147221008] CoInitialize has not been called
2023-11-27 13:12:23,765 - ERROR - Camera 0 error: [WinError -2147221008] CoInitialize has not been called
2023-11-27 13:12:23,888 - ERROR - Camera 0 error: [WinError -2147221008] CoInitialize has not been called
2023-11-27 13:12:24,016 - ERROR - Camera 0 error: [WinError -2147221008] CoInitialize has not been called
2023-11-27 13:12:24,134 - ERROR - Camera 0 error: [WinError -2147221008] CoInitialize has not been called
2023-11-27 13:12:24,264 - ERROR - Camera 0 error: [WinError -2147221008] CoInitialize has not been called
2023-11-27 13:12:24,391 - ERROR - Camera 0 error: [WinError -2147221008] CoInitialize has not been called
2023-11-27 13:12:24,517 - ERROR - Camera 0 error: [WinError -2147221008] CoInitialize has not been called
2023-11-27 13:12:24,634 - ERROR - Camera 0 error: [WinError -2147221008] CoInitialize has not been called
2023-11-27 13:12:24,764 - ERROR - Camera 0 error: [WinError -2147221008] CoInitialize has not been called
2023-11-27 13:13:53,128 - ERROR - CAM ERROR
2023-11-27 13:13:53,238 - ERROR - Camera 0 error: NULL COM pointer access
2023-11-27 13:13:53,333 - ERROR - CAM ERROR
2023-11-27 13:13:53,448 - ERROR - Camera 0 error: NULL COM pointer access
2023-11-27 13:13:53,522 - ERROR - CAM ERROR
2023-11-27 13:13:53,628 - ERROR - Camera 0 error: NULL COM pointer access
2023-11-27 13:13:53,711 - ERROR - CAM ERROR
2023-11-27 13:13:53,815 - ERROR - Camera 0 error: NULL COM pointer access
2023-11-27 13:13:53,895 - ERROR - CAM ERROR
2023-11-27 13:13:53,997 - ERROR - Camera 0 error: NULL COM pointer access
2023-11-27 13:13:54,072 - ERROR - CAM ERROR
2023-11-27 13:13:54,187 - ERROR - Camera 0 error: NULL COM pointer access
2023-11-27 13:13:54,264 - ERROR - CAM ERROR
2023-11-27 13:13:54,372 - ERROR - Camera 0 error: NULL COM pointer access
2023-11-27 13:13:54,450 - ERROR - CAM ERROR
2023-11-27 13:13:54,561 - ERROR - Camera 0 error: NULL COM pointer access
2023-11-27 13:13:54,643 - ERROR - CAM ERROR
2023-11-27 13:13:54,749 - ERROR - Camera 0 error: NULL COM pointer access
2023-11-27 13:13:54,857 - ERROR - CAM ERROR
2023-11-27 13:13:54,962 - ERROR - Camera 0 error: NULL COM pointer access
2023-11-27 13:13:55,044 - ERROR - CAM ERROR
2023-11-27 13:13:55,146 - ERROR - Camera 0 error: NULL COM pointer access
2023-11-27 13:13:55,214 - ERROR - CAM ERROR
2023-11-27 13:13:55,330 - ERROR - Camera 0 error: NULL COM pointer access
2023-11-27 13:13:55,434 - ERROR - CAM ERROR
2023-11-27 13:13:55,542 - ERROR - Camera 0 error: NULL COM pointer access
2023-11-27 13:13:55,609 - ERROR - CAM ERROR
2023-11-27 13:13:55,711 - ERROR - Camera 0 error: NULL COM pointer access
2023-11-27 13:13:55,794 - ERROR - CAM ERROR
2023-11-27 13:13:55,895 - ERROR - Camera 0 error: NULL COM pointer access
